14:24:00 [INFO    ] ======================================================================
14:24:00 [INFO    ]   VISITING CARD OCR EXTRACTOR — ULTIMATE BUILD v4.0
14:24:00 [INFO    ] ======================================================================
14:24:00 [INFO    ]   GPU: ENABLED (cuDNN benchmark active)
14:24:04 [INFO    ]   1 file(s) selected.
14:24:04 [INFO    ]   Loading EasyOCR model...
14:24:06 [INFO    ]   EasyOCR ready.
14:24:06 [INFO    ]   Poppler auto-detected: C:\poppler\Library\bin
14:24:06 [INFO    ] 
────────────────────────────────────────────────────────────
14:24:06 [INFO    ]   File: Gemini_Generated_Image_85k0wz85k0wz85k0.png
14:24:06 [INFO    ]   Segmented into 1 card(s).
14:24:06 [INFO    ]   Card [P1_C1]
14:24:06 [DEBUG   ]   Dark-bg check: centre_mean=35.3 dark_pixel_ratio=0.97 → DARK
14:24:06 [DEBUG   ]   Dark background confirmed — image inverted.
14:24:06 [DEBUG   ]   Preprocessing: global contrast boost α=2.0 (σ=108.3)
14:24:07 [DEBUG   ]   Raw OCR: 7 token(s)
14:24:07 [DEBUG   ]     [0.28] "'i"
14:24:07 [DEBUG   ]     [0.19] '1'
14:24:07 [DEBUG   ]     [0.56] 'A D I TY A'
14:24:07 [DEBUG   ]     [0.99] 'V .'
14:24:07 [DEBUG   ]     [0.75] 'VA R M A'
14:24:07 [DEBUG   ]     [0.49] 'UR BA NED GE 50LUTTONS LLP'
14:24:07 [DEBUG   ]     [0.89] '+91 (261) 2200-112'
14:24:07 [DEBUG   ]   Confidence filter: dropped 2 token(s) below 0.45.
14:24:07 [DEBUG   ]   Confidence filter: dropped 2 token(s) below 0.45.
14:24:07 [DEBUG   ]   Card height: 498px | Name zone ≤ 324px
14:24:07 [DEBUG   ]   Phone: '+91 (261) 2200-112' → '+912612200112' (0.89)
14:24:07 [DEBUG   ]   Name via [zone_caps]: 'V .' (0.99)
14:24:07 [DEBUG   ]   Company assembled: 'UR BA NED GE 50LUTTONS LLP' (0.49)
14:24:07 [INFO    ]   Name: 'V .'                  Phone: +912612200112      Email: N/A                                 Company: 'UR BA NED GE 50LUTTONS LLP' Quality: YELLOW
14:24:07 [INFO    ]   Excel saved → C:\Users\Pray\Projects\Visiting_Card_Extractor\Visiting_Card_Data_ULTIMATE.xlsx
14:24:07 [INFO    ] 
======================================================================
14:24:07 [INFO    ]   COMPLETE — 1 card(s) processed, 0 failed.
14:24:07 [INFO    ]   Quality → GREEN: 0 | YELLOW: 1 | RED: 0
14:24:07 [INFO    ]   Output  : C:\Users\Pray\Projects\Visiting_Card_Extractor\Visiting_Card_Data_ULTIMATE.xlsx
14:24:07 [INFO    ]   Log     : C:\Users\Pray\Projects\Visiting_Card_Extractor\ocr_pipeline.log
14:24:07 [INFO    ] ======================================================================
